[2026-05-28 10:13:46] INFO     post_generator — Generating caption for topic='AI is transforming Nairobi's tech scene' platform='instagram'
[2026-05-28 10:21:56] INFO     post_generator — Generating caption for topic='AI is transforming Nairobi's tech scene' platform='instagram'
[2026-05-28 10:27:10] INFO     post_generator — Generating caption for topic='AI is transforming Nairobi's tech scene' platform='instagram'
[2026-05-28 10:29:01] INFO     post_generator — Generating caption for topic='AI is transforming Nairobi's tech scene' platform='instagram'
[2026-05-28 10:29:36] INFO     post_generator — Generating caption for topic='AI is transforming Nairobi's tech scene' platform='instagram'
[2026-05-28 10:30:55] INFO     post_generator — Generating caption for topic='AI is transforming Nairobi's tech scene' platform='instagram'
[2026-05-28 10:31:07] INFO     post_generator — Caption generated: Nairobi isn't just watching the AI revolution—it's leading i...
[2026-05-28 10:31:07] INFO     post_generator — Generating caption for topic='AI is transforming Nairobi's tech scene' platform='twitter'
[2026-05-28 10:31:16] INFO     post_generator — Caption generated: Nairobi isn't just watching the AI revolution—we're driving ...
[2026-05-28 10:31:17] INFO     post_generator — Generating caption for topic='AI is transforming Nairobi's tech scene' platform='linkedin'
[2026-05-28 10:31:25] INFO     post_generator — Caption generated: Nairobi has earned its reputation as the Silicon Savannah th...
[2026-05-28 10:31:26] INFO     post_generator — Generating image: A vibrant and modern representation of Nairobi's booming tech scene. In the back...
[2026-05-28 13:52:32] INFO     post_generator — Generating caption for topic='AI is transforming Nairobi's tech scene' platform='instagram'
[2026-05-28 13:53:40] INFO     post_generator — Generating caption for topic='AI is transforming Nairobi's tech scene' platform='instagram'
[2026-05-28 13:53:50] INFO     post_generator — Caption generated: Nairobi’s tech ecosystem isn't just growing—it’s undergoing ...
[2026-05-28 13:53:51] INFO     post_generator — Generating caption for topic='AI is transforming Nairobi's tech scene' platform='twitter'
[2026-05-28 13:53:59] INFO     post_generator — Caption generated: Nairobi’s Silicon Savannah is leveling up. 🇰🇪 From fintech t...
[2026-05-28 13:53:59] INFO     post_generator — Generating caption for topic='AI is transforming Nairobi's tech scene' platform='linkedin'
[2026-05-28 13:54:08] INFO     post_generator — Caption generated: Nairobi has long been recognized as the Silicon Savannah of ...
[2026-05-28 13:54:08] INFO     post_generator — Generating image: A vibrant, high-tech digital illustration of the Nairobi skyline, featuring reco...
[2026-05-28 13:54:10] INFO     post_generator — Image saved to output\post_20260528_135339.png
[2026-05-28 13:54:10] INFO     post_generator — Post package saved: output\post_package_20260528_135339.json
[2026-05-29 00:13:40] INFO     post_generator — Generating caption for topic='AI is transforming Nairobi's tech scene' platform='instagram'
[2026-05-29 00:13:55] INFO     post_generator — Caption generated: From the bustling streets of Kilimani to the vibrant co-work...
[2026-05-29 00:13:55] INFO     post_generator — Generating caption for topic='AI is transforming Nairobi's tech scene' platform='twitter'
[2026-05-29 00:14:03] INFO     post_generator — Caption generated: Nairobi’s Silicon Savannah is buzzing! 🇰🇪 Local innovators a...
[2026-05-29 00:14:04] INFO     post_generator — Generating caption for topic='AI is transforming Nairobi's tech scene' platform='linkedin'
[2026-05-29 00:14:14] INFO     post_generator — Caption generated: Nairobi has long been celebrated as the Silicon Savannah, a ...
[2026-05-29 00:14:14] INFO     post_generator — Generating image: A vibrant and modern co-working space in Nairobi, Kenya. Through a large floor-t...
[2026-05-29 00:14:16] INFO     post_generator — Image saved to output\post_20260529_001340.png
[2026-05-29 00:14:16] INFO     post_generator — Post package saved: output\post_package_20260529_001340.json
[2026-06-03 22:12:22] INFO     post_generator — Generating caption for topic='AI is transforming Nairobi's tech scene' platform='instagram'
[2026-06-03 22:12:25] INFO     post_generator — Caption generated: Nairobi is officially leveling up! 🇰🇪🚀

From the bustling hu...
[2026-06-03 22:12:26] INFO     post_generator — Generating caption for topic='AI is transforming Nairobi's tech scene' platform='twitter'
[2026-06-03 22:12:29] INFO     post_generator — Caption generated: Nairobi’s tech ecosystem is evolving fast, and AI is at the ...
[2026-06-03 22:12:29] INFO     post_generator — Generating caption for topic='AI is transforming Nairobi's tech scene' platform='linkedin'
[2026-06-03 22:12:33] INFO     post_generator — Caption generated: Nairobi is rapidly cementing its position as a global epicen...
[2026-06-03 22:12:33] INFO     post_generator — Generating image: A high-quality, vibrant professional illustration of the Nairobi skyline at suns...
[2026-06-03 22:15:30] INFO     post_generator — Generating caption for topic='AI is transforming Nairobi's tech scene' platform='instagram'
[2026-06-03 22:15:34] INFO     post_generator — Caption generated: Nairobi is officially leveling up! 🚀🇰🇪

From the bustling hu...
[2026-06-03 22:15:35] INFO     post_generator — Generating caption for topic='AI is transforming Nairobi's tech scene' platform='twitter'
[2026-06-03 22:15:37] INFO     post_generator — Caption generated: Silicon Savannah is leveling up. 🇰🇪 From fintech to agritech...
[2026-06-03 22:15:38] INFO     post_generator — Generating caption for topic='AI is transforming Nairobi's tech scene' platform='linkedin'
[2026-06-03 22:15:42] INFO     post_generator — Caption generated: Nairobi is fast cementing its position as a global epicenter...
[2026-06-03 22:15:42] INFO     post_generator — Generating image: A high-quality, professional digital art piece of the Nairobi skyline at sunset....
[2026-06-03 22:17:34] INFO     post_generator — Generating caption for topic='AI is transforming Nairobi's tech scene' platform='instagram'
[2026-06-03 22:18:42] INFO     post_generator — Generating caption for topic='AI is transforming Nairobi's tech scene' platform='instagram'
[2026-06-03 22:18:46] INFO     post_generator — Caption generated: Nairobi is officially the Silicon Savannah 2.0. 🇰🇪🚀

Walk th...
[2026-06-03 22:18:47] INFO     post_generator — Generating caption for topic='AI is transforming Nairobi's tech scene' platform='twitter'
[2026-06-03 22:18:51] INFO     post_generator — Caption generated: Nairobi’s tech scene is evolving fast, and AI is at the whee...
[2026-06-03 22:18:52] INFO     post_generator — Generating caption for topic='AI is transforming Nairobi's tech scene' platform='linkedin'
[2026-06-03 22:18:55] INFO     post_generator — Caption generated: Nairobi is no longer just the Silicon Savannah; it is becomi...
[2026-06-03 22:18:55] INFO     post_generator — Generating image: A professional and high-quality conceptual image of Nairobi city, Kenya, at suns...
[2026-06-03 22:18:56] WARNING  post_generator — Got 402 from https://image.pollinations.ai/prompt/A%20professional%20and%20high-quality%20conceptual%20image%20of%20Nairobi%20city%2C%20Kenya%2C%20at%20sunset.%20The%20cityscape%20is%20overlaid%20with%20intricate%2C%20glowing%20golden%20and%20blue%20neural%20network%20patterns%20and%20abstract%20data%20flow%20lines%2C%20symbolizing%20AI%20integration.%20The%20scene%20is%20modern%2C%20futuristic%2C%20and%20professional%2C%20capturing%20the%20essence%20of%20the%20Silicon%20Savannah.%20Cinematic%20lighting%2C%20photorealistic%2C%20tech-focused%20aesthetic.?width=512&height=512&model=flux
[2026-06-03 22:18:58] WARNING  post_generator — Got 402 from https://image.pollinations.ai/prompt/A%20professional%20and%20high-quality%20conceptual%20image%20of%20Nairobi%20city%2C%20Kenya%2C%20at%20sunset.%20The%20cityscape%20is%20overlaid%20with%20intricate%2C%20glowing%20golden%20and%20blue%20neural%20network%20patterns%20and%20abstract%20data%20flow%20lines%2C%20symbolizing%20AI%20integration.%20The%20scene%20is%20modern%2C%20futuristic%2C%20and%20professional%2C%20capturing%20the%20essence%20of%20the%20Silicon%20Savannah.%20Cinematic%20lighting%2C%20photorealistic%2C%20tech-focused%20aesthetic.?width=512&height=512
[2026-06-03 22:19:03] INFO     post_generator — Image saved to output\post_20260603_221841.png
[2026-06-03 22:19:03] INFO     post_generator — Post package saved: output\post_package_20260603_221841.json
